14:38:34 **** Incremental Build of configuration Debug for project TP-1 ****
Info: Internal Builder is used for build
gcc -O0 -g3 -Wall -c -fmessage-length=0 -o "src\\TP-1.o" "..\\src\\TP-1.c" 
..\src\TP-1.c: In function 'main':
..\src\TP-1.c:59:14: warning: implicit declaration of function 'opcionMenu' [-Wimplicit-function-declaration]
   59 |     opcion = opcionMenu(opcion);
      |              ^~~~~~~~~~
..\src\TP-1.c:65:20: warning: implicit declaration of function 'eInt' [-Wimplicit-function-declaration]
   65 |       kilometros = eInt();
      |                    ^~~~
..\src\TP-1.c:66:20: warning: implicit declaration of function 'vIntMaIgual' [-Wimplicit-function-declaration]
   66 |       kilometros = vIntMaIgual(kilometros, 1);
      |                    ^~~~~~~~~~~
..\src\TP-1.c:84:22: warning: implicit declaration of function 'eFloat' [-Wimplicit-function-declaration]
   84 |        precioVuelo = eFloat();
      |                      ^~~~~~
..\src\TP-1.c:85:22: warning: implicit declaration of function 'vFloatMaIgual' [-Wimplicit-function-declaration]
   85 |        precioVuelo = vFloatMaIgual(precioVuelo, 1);
      |                      ^~~~~~~~~~~~~
..\src\TP-1.c:107:9: warning: implicit declaration of function 'opcionTres' [-Wimplicit-function-declaration]
  107 |         opcionTres(precioAerolineas, &precioDescuentoAerolineas, descuento, &precioAumentoAerolineas, aumento, &precioBitcoinAerolineas, valorBitcoin, &precioUnitarioAerolineas, kilometros);
      |         ^~~~~~~~~~
..\src\TP-1.c:133:9: warning: implicit declaration of function 'opcionCuatroAerolineas' [-Wimplicit-function-declaration]
  133 |         opcionCuatroAerolineas(precioAerolineas, precioDescuentoAerolineas, precioAumentoAerolineas, precioBitcoinAerolineas, precioUnitarioAerolineas);
      |         ^~~~~~~~~~~~~~~~~~~~~~
..\src\TP-1.c:134:9: warning: implicit declaration of function 'opcionCuatroLatam' [-Wimplicit-function-declaration]
  134 |         opcionCuatroLatam(precioLatam, precioDescuentoLatam, precioAumentoLatam, precioBitcoinLatam, precioUnitarioLatam);
      |         ^~~~~~~~~~~~~~~~~
..\src\TP-1.c:160:27: warning: implicit declaration of function 'restaD' [-Wimplicit-function-declaration]
  160 |        diferenciaPrecio = restaD(precioAerolineasForzado, precioLatamForzado);
      |                           ^~~~~~
gcc -o TP-1.exe "src\\TP-1.o" 
c:/mingw/bin/../lib/gcc/mingw32/9.2.0/../../../../mingw32/bin/ld.exe: src\TP-1.o: in function `main':
C:\Users\MIGUEL PINTO\eclipse-workspace\TP-1\Debug/../src/TP-1.c:65: undefined reference to `eInt'
c:/mingw/bin/../lib/gcc/mingw32/9.2.0/../../../../mingw32/bin/ld.exe: C:\Users\MIGUEL PINTO\eclipse-workspace\TP-1\Debug/../src/TP-1.c:66: undefined reference to `vIntMaIgual'
c:/mingw/bin/../lib/gcc/mingw32/9.2.0/../../../../mingw32/bin/ld.exe: C:\Users\MIGUEL PINTO\eclipse-workspace\TP-1\Debug/../src/TP-1.c:84: undefined reference to `eFloat'
c:/mingw/bin/../lib/gcc/mingw32/9.2.0/../../../../mingw32/bin/ld.exe: C:\Users\MIGUEL PINTO\eclipse-workspace\TP-1\Debug/../src/TP-1.c:85: undefined reference to `vFloatMaIgual'
c:/mingw/bin/../lib/gcc/mingw32/9.2.0/../../../../mingw32/bin/ld.exe: C:\Users\MIGUEL PINTO\eclipse-workspace\TP-1\Debug/../src/TP-1.c:107: undefined reference to `opcionTres'
c:/mingw/bin/../lib/gcc/mingw32/9.2.0/../../../../mingw32/bin/ld.exe: C:\Users\MIGUEL PINTO\eclipse-workspace\TP-1\Debug/../src/TP-1.c:111: undefined reference to `opcionTres'
c:/mingw/bin/../lib/gcc/mingw32/9.2.0/../../../../mingw32/bin/ld.exe: C:\Users\MIGUEL PINTO\eclipse-workspace\TP-1\Debug/../src/TP-1.c:133: undefined reference to `opcionCuatroAerolineas'
c:/mingw/bin/../lib/gcc/mingw32/9.2.0/../../../../mingw32/bin/ld.exe: C:\Users\MIGUEL PINTO\eclipse-workspace\TP-1\Debug/../src/TP-1.c:134: undefined reference to `opcionCuatroLatam'
c:/mingw/bin/../lib/gcc/mingw32/9.2.0/../../../../mingw32/bin/ld.exe: C:\Users\MIGUEL PINTO\eclipse-workspace\TP-1\Debug/../src/TP-1.c:154: undefined reference to `opcionTres'
c:/mingw/bin/../lib/gcc/mingw32/9.2.0/../../../../mingw32/bin/ld.exe: C:\Users\MIGUEL PINTO\eclipse-workspace\TP-1\Debug/../src/TP-1.c:155: undefined reference to `opcionCuatroAerolineas'
c:/mingw/bin/../lib/gcc/mingw32/9.2.0/../../../../mingw32/bin/ld.exe: C:\Users\MIGUEL PINTO\eclipse-workspace\TP-1\Debug/../src/TP-1.c:157: undefined reference to `opcionTres'
c:/mingw/bin/../lib/gcc/mingw32/9.2.0/../../../../mingw32/bin/ld.exe: C:\Users\MIGUEL PINTO\eclipse-workspace\TP-1\Debug/../src/TP-1.c:158: undefined reference to `opcionCuatroLatam'
c:/mingw/bin/../lib/gcc/mingw32/9.2.0/../../../../mingw32/bin/ld.exe: C:\Users\MIGUEL PINTO\eclipse-workspace\TP-1\Debug/../src/TP-1.c:160: undefined reference to `restaD'
collect2.exe: error: ld returned 1 exit status

14:38:42 Build Failed. 14 errors, 9 warnings. (took 8s.504ms)

